<?xml version="1.0" encoding="UTF-8"?>
<testsuite name="org.example.GradeCalculatorTest" tests="1" skipped="0" failures="0" errors="0" timestamp="2023-01-28T18:28:42" hostname="DESKTOP-C1Q4M4C" time="0.068">
  <properties/>
  <testcase name="calculateGradeTest()" classname="org.example.GradeCalculatorTest" time="0.068"/>
  <system-out><![CDATA[]]></system-out>
  <system-err><![CDATA[]]></system-err>
</testsuite>
